{"level":"warn","message":"A product with this code already exists","timestamp":"2025-01-09T22:33:06.128Z"}
{"level":"error","message":{"error":{},"errorMsg":"A product with this code already exists"},"timestamp":"2025-01-09T22:33:06.129Z"}
{"level":"warn","message":"A product with this code already exists","timestamp":"2025-01-09T22:33:15.814Z"}
{"level":"error","message":{"error":{},"errorMsg":"A product with this code already exists"},"timestamp":"2025-01-09T22:33:15.815Z"}
{"level":"warn","message":"A product with this code already exists","timestamp":"2025-01-09T22:33:40.550Z"}
{"level":"error","message":{"error":{},"errorMsg":"A product with this code already exists"},"timestamp":"2025-01-09T22:33:40.552Z"}
{"level":"warn","message":"A product with this code already exists","timestamp":"2025-01-09T22:34:09.178Z"}
{"level":"error","message":{"error":{},"errorMsg":"A product with this code already exists"},"timestamp":"2025-01-09T22:34:09.180Z"}
{"level":"warn","message":"A product with this code already exists","timestamp":"2025-01-09T22:34:24.629Z"}
{"level":"error","message":{"error":{},"errorMsg":"A product with this code already exists"},"timestamp":"2025-01-09T22:34:24.630Z"}
{"level":"warn","message":"Empty fields making a product","timestamp":"2025-01-09T22:35:03.428Z"}
{"level":"error","message":{"error":{},"errorMsg":"error is not defined"},"timestamp":"2025-01-09T22:35:03.428Z"}
{"level":"error","message":{"error":{},"errorMsg":"error is not defined"},"timestamp":"2025-01-09T22:35:03.429Z"}
{"level":"warn","message":"Empty fields making a product","timestamp":"2025-01-09T23:17:18.492Z"}
{"level":"error","message":{"error":{},"errorMsg":"error is not defined"},"timestamp":"2025-01-09T23:17:18.493Z"}
{"level":"error","message":{"error":{},"errorMsg":"error is not defined"},"timestamp":"2025-01-09T23:17:18.493Z"}
{"level":"warn","message":"Empty fields making a product","timestamp":"2025-01-09T23:17:56.527Z"}
{"level":"error","message":{"error":{},"errorMsg":"Empty fields making a product"},"timestamp":"2025-01-09T23:17:56.530Z"}
{"level":"error","message":{"error":{},"errorMsg":"Empty fields making a product"},"timestamp":"2025-01-09T23:17:56.531Z"}
{"level":"warn","message":"A product with this code already exists","timestamp":"2025-01-09T23:38:52.772Z"}
{"level":"warn","message":"That product doesnt exist","timestamp":"2025-01-09T23:38:52.772Z"}
{"level":"warn","message":"A product with this code does not exists","timestamp":"2025-01-09T23:39:28.683Z"}
{"level":"warn","message":"That product doesnt exist","timestamp":"2025-01-09T23:39:28.684Z"}
{"level":"warn","message":"A product with this code does not exists","timestamp":"2025-01-09T23:40:24.794Z"}
{"level":"warn","message":"That product doesnt exist","timestamp":"2025-01-09T23:40:24.794Z"}
{"level":"warn","message":"Empty fields making a product","timestamp":"2025-01-09T23:46:06.453Z"}
{"level":"warn","message":"Empty fields making a product","timestamp":"2025-01-09T23:48:29.068Z"}
{"level":"error","message":{"error":{"kind":"ObjectId","message":"Cast to ObjectId failed for value \"11\" (type string) at path \"_id\" for model \"products\"","name":"CastError","path":"_id","reason":{},"stringValue":"\"11\"","value":"11","valueType":"string"},"errorMsg":"Cast to ObjectId failed for value \"11\" (type string) at path \"_id\" for model \"products\""},"timestamp":"2025-01-09T23:53:02.747Z"}
{"level":"error","message":{"error":{"kind":"ObjectId","message":"Cast to ObjectId failed for value \"11\" (type string) at path \"_id\" for model \"products\"","name":"CastError","path":"_id","reason":{},"stringValue":"\"11\"","value":"11","valueType":"string"},"errorMsg":"Cast to ObjectId failed for value \"11\" (type string) at path \"_id\" for model \"products\""},"timestamp":"2025-01-09T23:59:27.146Z"}
{"level":"warn","message":"A product with this code already exists","timestamp":"2025-01-09T23:59:32.727Z"}
{"level":"error","message":{"error":{},"errorMsg":"A product with this code already exists"},"timestamp":"2025-01-09T23:59:32.728Z"}
{"level":"warn","message":"A product with this code already exists","timestamp":"2025-01-10T00:00:24.606Z"}
{"level":"error","message":{"error":{},"errorMsg":"A product with this code already exists"},"timestamp":"2025-01-10T00:00:24.607Z"}
{"level":"error","message":{"error":{"kind":"ObjectId","message":"Cast to ObjectId failed for value \"11\" (type string) at path \"_id\" for model \"products\"","name":"CastError","path":"_id","reason":{},"stringValue":"\"11\"","value":"11","valueType":"string"},"errorMsg":"Cast to ObjectId failed for value \"11\" (type string) at path \"_id\" for model \"products\""},"timestamp":"2025-01-10T00:01:11.582Z"}
{"level":"error","message":{"error":{"kind":"ObjectId","message":"Cast to ObjectId failed for value \"11\" (type string) at path \"_id\" for model \"products\"","name":"CastError","path":"_id","reason":{},"stringValue":"\"11\"","value":"11","valueType":"string"},"errorMsg":"Cast to ObjectId failed for value \"11\" (type string) at path \"_id\" for model \"products\""},"timestamp":"2025-01-10T00:03:03.005Z"}
{"level":"error","message":{"error":{"kind":"ObjectId","message":"Cast to ObjectId failed for value \"{ _id: '11' }\" (type Object) at path \"_id\" for model \"products\"","name":"CastError","path":"_id","reason":{},"stringValue":"\"{ _id: '11' }\"","value":{"_id":"11"},"valueType":"Object"},"errorMsg":"Cast to ObjectId failed for value \"{ _id: '11' }\" (type Object) at path \"_id\" for model \"products\""},"timestamp":"2025-01-10T00:03:33.557Z"}
{"level":"error","message":{"error":{"kind":"ObjectId","message":"Cast to ObjectId failed for value \"11\" (type string) at path \"_id\" for model \"products\"","name":"CastError","path":"_id","reason":{},"stringValue":"\"11\"","value":"11","valueType":"string"},"errorMsg":"Cast to ObjectId failed for value \"11\" (type string) at path \"_id\" for model \"products\""},"timestamp":"2025-01-10T00:03:44.025Z"}
{"level":"error","message":{"error":{},"errorMsg":"mongoose is not defined"},"timestamp":"2025-01-10T00:05:13.324Z"}
{"level":"error","message":{"error":{},"errorMsg":"mongoose is not defined"},"timestamp":"2025-01-10T00:05:53.057Z"}
{"level":"error","message":{"error":{},"errorMsg":"id is not defined"},"timestamp":"2025-01-10T00:06:07.947Z"}
{"level":"warn","message":"Invalid product ID format","timestamp":"2025-01-10T00:06:26.354Z"}
{"level":"error","message":{"error":{},"errorMsg":"Invalid product ID format"},"timestamp":"2025-01-10T00:06:26.356Z"}
{"level":"warn","message":"Invalid product ID format","timestamp":"2025-01-10T20:15:11.373Z"}
{"level":"error","message":{"error":{},"errorMsg":"Invalid product ID format"},"timestamp":"2025-01-10T20:15:11.375Z"}
{"level":"warn","message":"Invalid product ID format","timestamp":"2025-01-10T20:15:27.928Z"}
{"level":"warn","message":"That product doesnt exist","timestamp":"2025-01-10T20:15:27.928Z"}
{"level":"warn","message":"A product with this code does not exists","timestamp":"2025-01-10T20:15:35.203Z"}
{"level":"warn","message":"That product doesnt exist","timestamp":"2025-01-10T20:15:35.203Z"}
{"level":"warn","message":"Empty fields making a product","timestamp":"2025-01-10T20:16:00.171Z"}
{"level":"warn","message":"That product doesnt exist","timestamp":"2025-01-10T20:39:10.851Z"}
{"level":"warn","message":"Invalid product ID format","timestamp":"2025-01-10T20:39:28.690Z"}
{"level":"warn","message":"Invalid product ID format","timestamp":"2025-01-10T20:39:52.370Z"}
{"level":"warn","message":"Invalid product ID format","timestamp":"2025-01-10T20:42:26.934Z"}
{"level":"warn","message":"That product doesnt exist","timestamp":"2025-01-10T20:42:26.937Z"}
{"level":"error","message":{"error":{"code":2,"name":"ProductNotFoundError"},"errorMsg":"The product does not exist."},"timestamp":"2025-01-10T22:32:30.499Z"}
{"level":"warn","message":"Invalid product ID format","timestamp":"2025-01-10T22:33:41.473Z"}
{"level":"error","message":{"error":{},"errorMsg":"Invalid product ID format"},"timestamp":"2025-01-10T22:33:41.475Z"}
{"level":"error","message":{"error":{},"errorMsg":"Invalid product ID format"},"timestamp":"2025-01-10T22:33:41.476Z"}
{"level":"warn","message":"Empty fields detected while validating product","timestamp":"2025-01-10T22:35:01.209Z"}
{"level":"error","message":{"error":{"code":3,"name":"ValidationError"},"errorMsg":"Invalid product data. Please check missing fields."},"timestamp":"2025-01-10T22:35:01.210Z"}
{"level":"warn","message":"Empty fields detected while validating product","timestamp":"2025-01-10T22:35:47.049Z"}
{"level":"error","message":{"error":{"code":3,"name":"ValidationError"},"errorMsg":"Invalid product data. Please check missing fields."},"timestamp":"2025-01-10T22:35:47.050Z"}
{"level":"warn","message":"Empty fields detected while validating product","timestamp":"2025-01-10T22:36:20.009Z"}
{"level":"error","message":{"error":{"code":3,"name":"ValidationError"},"errorMsg":"Invalid product data. Please check missing fields."},"timestamp":"2025-01-10T22:36:20.011Z"}
{"level":"warn","message":"A product with this code already exists","timestamp":"2025-01-10T22:36:44.649Z"}
{"level":"error","message":{"error":{"code":2,"name":"DuplicateProductError"},"errorMsg":"A product with this code already exists."},"timestamp":"2025-01-10T22:36:44.650Z"}
{"level":"error","message":{"error":{"code":2,"name":"ProductNotFoundError"},"errorMsg":"Cannot delete non-existent product."},"timestamp":"2025-01-10T22:37:20.329Z"}
{"level":"warn","message":"Invalid product ID format","timestamp":"2025-01-10T22:37:33.689Z"}
{"level":"error","message":{"error":{},"errorMsg":"Invalid product ID format"},"timestamp":"2025-01-10T22:37:33.691Z"}
{"level":"error","message":{"error":{},"errorMsg":"Invalid product ID format"},"timestamp":"2025-01-10T22:37:33.692Z"}
{"level":"warn","message":"Empty fields detected while validating product","timestamp":"2025-01-10T22:38:11.369Z"}
{"level":"error","message":{"error":{"code":3,"name":"ValidationError"},"errorMsg":"Invalid product data. Please check missing fields."},"timestamp":"2025-01-10T22:38:11.370Z"}
{"level":"error","message":{"error":{"code":2,"name":"ProductNotFoundError"},"errorMsg":"The product does not exist."},"timestamp":"2025-01-10T22:48:21.083Z"}
